# JRE version: Java(TM) SE Runtime Environment (8.0_121-b13) (build 1.8.0_121-b13)
# Java VM: Java HotSpot(TM) 64-Bit Server VM (25.121-b13 mixed mode windows-amd64 compressed oops)
Heap:
 PSYoungGen      total 18432K, used 8775K [0x00000000eb580000, 0x00000000eca00000, 0x0000000100000000)
  eden space 15872K, 55% used [0x00000000eb580000,0x00000000ebe11cd8,0x00000000ec500000)
  from space 2560K, 0% used [0x00000000ec500000,0x00000000ec500000,0x00000000ec780000)
  to   space 2560K, 0% used [0x00000000ec780000,0x00000000ec780000,0x00000000eca00000)
 ParOldGen       total 30208K, used 1504K [0x00000000c2000000, 0x00000000c3d80000, 0x00000000eb580000)
  object space 30208K, 4% used [0x00000000c2000000,0x00000000c2178150,0x00000000c3d80000)
 Metaspace       used 12527K, capacity 12766K, committed 13056K, reserved 1062912K
  class space    used 1649K, capacity 1735K, committed 1792K, reserved 1048576K
GC Heap History (4 events):
Event: 0.688 GC heap before
{Heap before GC invocations=1 (full 0):
 PSYoungGen      total 18432K, used 5084K [0x00000000eb580000, 0x00000000eca00000, 0x0000000100000000)
  eden space 15872K, 32% used [0x00000000eb580000,0x00000000eba77380,0x00000000ec500000)
  from space 2560K, 0% used [0x00000000ec780000,0x00000000ec780000,0x00000000eca00000)
  to   space 2560K, 0% used [0x00000000ec500000,0x00000000ec500000,0x00000000ec780000)
 ParOldGen       total 42496K, used 0K [0x00000000c2000000, 0x00000000c4980000, 0x00000000eb580000)
  object space 42496K, 0% used [0x00000000c2000000,0x00000000c2000000,0x00000000c4980000)
 Metaspace       used 9585K, capacity 9756K, committed 9856K, reserved 1062912K
  class space    used 1239K, capacity 1314K, committed 1408K, reserved 1048576K
Event: 0.694 GC heap after
Heap after GC invocations=1 (full 0):
 PSYoungGen      total 18432K, used 1568K [0x00000000eb580000, 0x00000000eca00000, 0x0000000100000000)
  eden space 15872K, 0% used [0x00000000eb580000,0x00000000eb580000,0x00000000ec500000)
  from space 2560K, 61% used [0x00000000ec500000,0x00000000ec688000,0x00000000ec780000)
  to   space 2560K, 0% used [0x00000000ec780000,0x00000000ec780000,0x00000000eca00000)
 ParOldGen       total 42496K, used 8K [0x00000000c2000000, 0x00000000c4980000, 0x00000000eb580000)
  object space 42496K, 0% used [0x00000000c2000000,0x00000000c2002000,0x00000000c4980000)
 Metaspace       used 9585K, capacity 9756K, committed 9856K, reserved 1062912K
  class space    used 1239K, capacity 1314K, committed 1408K, reserved 1048576K
}
Event: 0.694 GC heap before
{Heap before GC invocations=2 (full 1):
 PSYoungGen      total 18432K, used 1568K [0x00000000eb580000, 0x00000000eca00000, 0x0000000100000000)
  eden space 15872K, 0% used [0x00000000eb580000,0x00000000eb580000,0x00000000ec500000)
  from space 2560K, 61% used [0x00000000ec500000,0x00000000ec688000,0x00000000ec780000)
  to   space 2560K, 0% used [0x00000000ec780000,0x00000000ec780000,0x00000000eca00000)
 ParOldGen       total 42496K, used 8K [0x00000000c2000000, 0x00000000c4980000, 0x00000000eb580000)
  object space 42496K, 0% used [0x00000000c2000000,0x00000000c2002000,0x00000000c4980000)
 Metaspace       used 9585K, capacity 9756K, committed 9856K, reserved 1062912K
  class space    used 1239K, capacity 1314K, committed 1408K, reserved 1048576K
Event: 0.716 GC heap after
Heap after GC invocations=2 (full 1):
 PSYoungGen      total 18432K, used 0K [0x00000000eb580000, 0x00000000eca00000, 0x0000000100000000)
  eden space 15872K, 0% used [0x00000000eb580000,0x00000000eb580000,0x00000000ec500000)
  from space 2560K, 0% used [0x00000000ec500000,0x00000000ec500000,0x00000000ec780000)
  to   space 2560K, 0% used [0x00000000ec780000,0x00000000ec780000,0x00000000eca00000)
 ParOldGen       total 30208K, used 1504K [0x00000000c2000000, 0x00000000c3d80000, 0x00000000eb580000)
  object space 30208K, 4% used [0x00000000c2000000,0x00000000c2178150,0x00000000c3d80000)
 Metaspace       used 9585K, capacity 9756K, committed 9856K, reserved 1060864K
  class space    used 1239K, capacity 1314K, committed 1408K, reserved 1048576K
}

